22:14:33.777 [main] INFO  c.a.events.EventsProcessorApp - Event processing application started...
22:14:33.833 [main] DEBUG c.a.events.Respository.DBManager - Database driver loaded....
22:14:33.834 [main] INFO  c.a.events.Respository.DBManager - Initializing application data....
22:14:36.232 [main] INFO  c.a.events.Respository.DBManager - Data initialized successfully...
22:14:36.233 [main] INFO  c.a.events.EventsProcessorApp - Processing file...
22:14:36.716 [main] DEBUG c.a.e.s.i.FileProcessorServiceImpl - Data in file : [LogEvent{id='scsmbstgra', state='STARTED', timestamp=1491377495212, host='12345', type='APPLICATION_LOG', duration='null', alert='null'}, LogEvent{id='scsmbstgrb', state='STARTED', timestamp=1491377495213, host='null', type='null', duration='null', alert='null'}, LogEvent{id='scsmbstgrc', state='FINISHED', timestamp=1491377495218, host='null', type='null', duration='null', alert='null'}, LogEvent{id='scsmbstgra', state='FINISHED', timestamp=1491377495217, host='12345', type='APPLICATION_LOG', duration='null', alert='null'}, LogEvent{id='scsmbstgrc', state='STARTED', timestamp=1491377495210, host='null', type='null', duration='null', alert='null'}, LogEvent{id='scsmbstgrb', state='FINISHED', timestamp=1491377495216, host='null', type='null', duration='null', alert='null'}, LogEvent{id='scsmbstgrb', state='STARTED', timestamp=1491377495210, host='null', type='null', duration='null', alert='null'}, LogEvent{id='scsmbstgrb', state='FINISHED', timestamp=1491377495216, host='null', type='null', duration='null', alert='null'}]
22:14:36.730 [main] DEBUG c.a.e.s.i.FileProcessorServiceImpl - Event with ID scsmbstgra took more than 4 ms
22:14:36.731 [main] INFO  c.a.e.s.i.FileProcessorServiceImpl - Logging event LogEvent{id='scsmbstgra', state='STARTED', timestamp=1491377495212, host='12345', type='APPLICATION_LOG', duration='5', alert='true'} in Database
22:14:37.299 [main] DEBUG c.a.e.R.impl.EventsRepositoryImpl - Event scsmbstgra inserted successfully in DB
22:14:37.301 [main] DEBUG c.a.e.s.i.FileProcessorServiceImpl - Event with ID scsmbstgrc took more than 4 ms
22:14:37.303 [main] INFO  c.a.e.s.i.FileProcessorServiceImpl - Logging event LogEvent{id='scsmbstgrc', state='FINISHED', timestamp=1491377495218, host='null', type='null', duration='8', alert='true'} in Database
22:14:37.311 [main] DEBUG c.a.e.R.impl.EventsRepositoryImpl - Event scsmbstgrc inserted successfully in DB
22:14:37.312 [main] INFO  c.a.e.s.i.FileProcessorServiceImpl - Logging event LogEvent{id='scsmbstgrb', state='STARTED', timestamp=1491377495213, host='null', type='null', duration='3', alert='false'} in Database
22:14:37.314 [main] DEBUG c.a.e.R.impl.EventsRepositoryImpl - Event scsmbstgrb inserted successfully in DB
22:14:37.315 [main] DEBUG c.a.e.s.i.FileProcessorServiceImpl - Event with ID scsmbstgrb took more than 4 ms
22:14:37.315 [main] INFO  c.a.e.s.i.FileProcessorServiceImpl - Logging event LogEvent{id='scsmbstgrb', state='STARTED', timestamp=1491377495210, host='null', type='null', duration='6', alert='true'} in Database
22:14:37.317 [main] DEBUG c.a.e.R.impl.EventsRepositoryImpl - Event scsmbstgrb inserted successfully in DB
22:14:37.319 [main] INFO  c.a.events.EventsProcessorApp - File processing finished...
22:14:37.320 [main] INFO  c.a.events.EventsProcessorApp - Event processing application stopped...
22:21:10.185 [main] INFO  c.a.events.EventsProcessorApp - Event processing application started...
22:21:10.216 [main] DEBUG c.a.events.Respository.DBManager - Database driver loaded....
22:21:10.216 [main] INFO  c.a.events.Respository.DBManager - Initializing application data....
22:21:11.450 [main] INFO  c.a.events.Respository.DBManager - Data initialized successfully...
22:21:11.450 [main] INFO  c.a.events.EventsProcessorApp - Processing file...
22:21:11.794 [main] DEBUG c.a.e.s.i.FileProcessorServiceImpl - Data in file : [LogEvent{id='scsmbstgra', state='STARTED', timestamp=1491377495212, host='12345', type='APPLICATION_LOG', duration='null', alert='null'}, LogEvent{id='scsmbstgrb', state='STARTED', timestamp=1491377495213, host='null', type='null', duration='null', alert='null'}, LogEvent{id='scsmbstgrc', state='FINISHED', timestamp=1491377495218, host='null', type='null', duration='null', alert='null'}, LogEvent{id='scsmbstgra', state='FINISHED', timestamp=1491377495217, host='12345', type='APPLICATION_LOG', duration='null', alert='null'}, LogEvent{id='scsmbstgrc', state='STARTED', timestamp=1491377495210, host='null', type='null', duration='null', alert='null'}, LogEvent{id='scsmbstgrb', state='FINISHED', timestamp=1491377495216, host='null', type='null', duration='null', alert='null'}, LogEvent{id='scsmbstgrb', state='STARTED', timestamp=1491377495210, host='null', type='null', duration='null', alert='null'}, LogEvent{id='scsmbstgrb', state='FINISHED', timestamp=1491377495216, host='null', type='null', duration='null', alert='null'}]
22:21:11.794 [main] DEBUG c.a.e.s.i.FileProcessorServiceImpl - Event with ID scsmbstgra took more than 4 ms
22:21:11.794 [main] INFO  c.a.e.s.i.FileProcessorServiceImpl - Logging event LogEvent{id='scsmbstgra', state='STARTED', timestamp=1491377495212, host='12345', type='APPLICATION_LOG', duration='5', alert='true'} in Database
22:21:12.169 [main] DEBUG c.a.e.R.impl.EventsRepositoryImpl - Event scsmbstgra inserted successfully in DB
22:21:12.169 [main] DEBUG c.a.e.s.i.FileProcessorServiceImpl - Event with ID scsmbstgrc took more than 4 ms
22:21:12.169 [main] INFO  c.a.e.s.i.FileProcessorServiceImpl - Logging event LogEvent{id='scsmbstgrc', state='FINISHED', timestamp=1491377495218, host='null', type='null', duration='8', alert='true'} in Database
22:21:12.169 [main] DEBUG c.a.e.R.impl.EventsRepositoryImpl - Event scsmbstgrc inserted successfully in DB
22:21:12.169 [main] INFO  c.a.e.s.i.FileProcessorServiceImpl - Logging event LogEvent{id='scsmbstgrb', state='STARTED', timestamp=1491377495213, host='null', type='null', duration='3', alert='false'} in Database
22:21:12.169 [main] DEBUG c.a.e.R.impl.EventsRepositoryImpl - Event scsmbstgrb inserted successfully in DB
22:21:12.169 [main] DEBUG c.a.e.s.i.FileProcessorServiceImpl - Event with ID scsmbstgrb took more than 4 ms
22:21:12.169 [main] INFO  c.a.e.s.i.FileProcessorServiceImpl - Logging event LogEvent{id='scsmbstgrb', state='STARTED', timestamp=1491377495210, host='null', type='null', duration='6', alert='true'} in Database
22:21:12.185 [main] DEBUG c.a.e.R.impl.EventsRepositoryImpl - Event scsmbstgrb inserted successfully in DB
22:21:12.185 [main] INFO  c.a.events.EventsProcessorApp - File processing finished...
22:21:12.185 [main] INFO  c.a.events.EventsProcessorApp - Event processing application stopped...
